-------------------------------------------------------------------------------
Test set: com.google.Part3Test
-------------------------------------------------------------------------------
Tests run: 9, Failures: 9, Errors: 0, Skipped: 0, Time elapsed: 0.072 s <<< FAILURE! - in com.google.Part3Test
com.google.Part3Test.testSearchVideosNoResults  Time elapsed: 0.024 s  <<< FAILURE!
java.lang.AssertionError: 

Expected: a string containing "No search results for blah"
     but: was "searchVideos needs implementation
"
	at com.google.Part3Test.testSearchVideosNoResults(Part3Test.java:92)

com.google.Part3Test.testSearchVideosWithNoAnswer  Time elapsed: 0.002 s  <<< FAILURE!
org.opentest4j.AssertionFailedError: 
searchVideos needs implementation
 ==> expected: <5> but was: <1>
	at com.google.Part3Test.testSearchVideosWithNoAnswer(Part3Test.java:19)

com.google.Part3Test.testSearchVideosWithTagAnswerOutOfBounds  Time elapsed: 0.006 s  <<< FAILURE!
org.opentest4j.AssertionFailedError: 
searchVideosWithTag needs implementation
 ==> expected: <5> but was: <1>
	at com.google.Part3Test.testSearchVideosWithTagAnswerOutOfBounds(Part3Test.java:140)

com.google.Part3Test.testSearchVideosAndPlayAnswer  Time elapsed: 0.002 s  <<< FAILURE!
org.opentest4j.AssertionFailedError: 
searchVideos needs implementation
 ==> expected: <6> but was: <1>
	at com.google.Part3Test.testSearchVideosAndPlayAnswer(Part3Test.java:38)

com.google.Part3Test.testSearchVideosWithTagPlayAnswer  Time elapsed: 0.007 s  <<< FAILURE!
org.opentest4j.AssertionFailedError: 
searchVideosWithTag needs implementation
 ==> expected: <6> but was: <1>
	at com.google.Part3Test.testSearchVideosWithTagPlayAnswer(Part3Test.java:121)

com.google.Part3Test.testSearchVideosInvalidNumber  Time elapsed: 0.003 s  <<< FAILURE!
org.opentest4j.AssertionFailedError: 
searchVideos needs implementation
 ==> expected: <5> but was: <1>
	at com.google.Part3Test.testSearchVideosInvalidNumber(Part3Test.java:76)

com.google.Part3Test.testSearchVideosWithTagNoResults  Time elapsed: 0.003 s  <<< FAILURE!
java.lang.AssertionError: 

Expected: a string containing "No search results for #blah"
     but: was "searchVideosWithTag needs implementation
"
	at com.google.Part3Test.testSearchVideosWithTagNoResults(Part3Test.java:156)

com.google.Part3Test.testSearchVideosWithTagNoAnswer  Time elapsed: 0.003 s  <<< FAILURE!
org.opentest4j.AssertionFailedError: 
searchVideosWithTag needs implementation
 ==> expected: <5> but was: <1>
	at com.google.Part3Test.testSearchVideosWithTagNoAnswer(Part3Test.java:102)

com.google.Part3Test.testSearchVideosAnswerOutOfBounds  Time elapsed: 0.003 s  <<< FAILURE!
org.opentest4j.AssertionFailedError: 
searchVideos needs implementation
 ==> expected: <5> but was: <1>
	at com.google.Part3Test.testSearchVideosAnswerOutOfBounds(Part3Test.java:57)

