<?xml version="1.0" encoding="UTF-8"?>
<testsuite xmlns:xsi="http://www.w3.org/2001/XMLSchema-instance" xsi:noNamespaceSchemaLocation="https://maven.apache.org/surefire/maven-surefire-plugin/xsd/surefire-test-report-3.0.xsd" version="3.0" name="com.google.Part1Test" time="0.251" tests="21" errors="0" skipped="0" failures="20">
  <properties>
    <property name="gopherProxySet" value="false"/>
    <property name="awt.toolkit" value="sun.lwawt.macosx.LWCToolkit"/>
    <property name="java.specification.version" value="11"/>
    <property name="sun.cpu.isalist" value=""/>
    <property name="sun.jnu.encoding" value="UTF-8"/>
    <property name="java.class.path" value="/Users/AlexEyu/google-code-sample/java/target/test-classes:/Users/AlexEyu/google-code-sample/java/target/classes:/Users/AlexEyu/.m2/repository/org/apache/maven/plugins/maven-compiler-plugin/3.8.1/maven-compiler-plugin-3.8.1.jar:/Users/AlexEyu/.m2/repository/org/apache/maven/maven-plugin-api/3.0/maven-plugin-api-3.0.jar:/Users/AlexEyu/.m2/repository/org/apache/maven/maven-model/3.0/maven-model-3.0.jar:/Users/AlexEyu/.m2/repository/org/sonatype/sisu/sisu-inject-plexus/1.4.2/sisu-inject-plexus-1.4.2.jar:/Users/AlexEyu/.m2/repository/org/sonatype/sisu/sisu-inject-bean/1.4.2/sisu-inject-bean-1.4.2.jar:/Users/AlexEyu/.m2/repository/org/sonatype/sisu/sisu-guice/2.1.7/sisu-guice-2.1.7-noaop.jar:/Users/AlexEyu/.m2/repository/org/apache/maven/maven-artifact/3.0/maven-artifact-3.0.jar:/Users/AlexEyu/.m2/repository/org/codehaus/plexus/plexus-utils/2.0.4/plexus-utils-2.0.4.jar:/Users/AlexEyu/.m2/repository/org/apache/maven/maven-core/3.0/maven-core-3.0.jar:/Users/AlexEyu/.m2/repository/org/apache/maven/maven-settings/3.0/maven-settings-3.0.jar:/Users/AlexEyu/.m2/repository/org/apache/maven/maven-settings-builder/3.0/maven-settings-builder-3.0.jar:/Users/AlexEyu/.m2/repository/org/apache/maven/maven-repository-metadata/3.0/maven-repository-metadata-3.0.jar:/Users/AlexEyu/.m2/repository/org/apache/maven/maven-model-builder/3.0/maven-model-builder-3.0.jar:/Users/AlexEyu/.m2/repository/org/apache/maven/maven-aether-provider/3.0/maven-aether-provider-3.0.jar:/Users/AlexEyu/.m2/repository/org/sonatype/aether/aether-impl/1.7/aether-impl-1.7.jar:/Users/AlexEyu/.m2/repository/org/sonatype/aether/aether-spi/1.7/aether-spi-1.7.jar:/Users/AlexEyu/.m2/repository/org/sonatype/aether/aether-api/1.7/aether-api-1.7.jar:/Users/AlexEyu/.m2/repository/org/sonatype/aether/aether-util/1.7/aether-util-1.7.jar:/Users/AlexEyu/.m2/repository/org/codehaus/plexus/plexus-interpolation/1.14/plexus-interpolation-1.14.jar:/Users/AlexEyu/.m2/repository/org/codehaus/plexus/plexus-classworlds/2.2.3/plexus-classworlds-2.2.3.jar:/Users/AlexEyu/.m2/repository/org/codehaus/plexus/plexus-component-annotations/1.5.5/plexus-component-annotations-1.5.5.jar:/Users/AlexEyu/.m2/repository/org/sonatype/plexus/plexus-sec-dispatcher/1.3/plexus-sec-dispatcher-1.3.jar:/Users/AlexEyu/.m2/repository/org/sonatype/plexus/plexus-cipher/1.4/plexus-cipher-1.4.jar:/Users/AlexEyu/.m2/repository/org/apache/maven/shared/maven-shared-utils/3.2.1/maven-shared-utils-3.2.1.jar:/Users/AlexEyu/.m2/repository/commons-io/commons-io/2.5/commons-io-2.5.jar:/Users/AlexEyu/.m2/repository/org/apache/maven/shared/maven-shared-incremental/1.1/maven-shared-incremental-1.1.jar:/Users/AlexEyu/.m2/repository/org/codehaus/plexus/plexus-java/0.9.10/plexus-java-0.9.10.jar:/Users/AlexEyu/.m2/repository/org/ow2/asm/asm/6.2/asm-6.2.jar:/Users/AlexEyu/.m2/repository/com/thoughtworks/qdox/qdox/2.0-M8/qdox-2.0-M8.jar:/Users/AlexEyu/.m2/repository/org/codehaus/plexus/plexus-compiler-api/2.8.4/plexus-compiler-api-2.8.4.jar:/Users/AlexEyu/.m2/repository/org/codehaus/plexus/plexus-compiler-manager/2.8.4/plexus-compiler-manager-2.8.4.jar:/Users/AlexEyu/.m2/repository/org/codehaus/plexus/plexus-compiler-javac/2.8.4/plexus-compiler-javac-2.8.4.jar:/Users/AlexEyu/.m2/repository/org/junit/jupiter/junit-jupiter-engine/5.4.0/junit-jupiter-engine-5.4.0.jar:/Users/AlexEyu/.m2/repository/org/apiguardian/apiguardian-api/1.0.0/apiguardian-api-1.0.0.jar:/Users/AlexEyu/.m2/repository/org/junit/platform/junit-platform-engine/1.4.0/junit-platform-engine-1.4.0.jar:/Users/AlexEyu/.m2/repository/org/opentest4j/opentest4j/1.1.1/opentest4j-1.1.1.jar:/Users/AlexEyu/.m2/repository/org/junit/platform/junit-platform-commons/1.4.0/junit-platform-commons-1.4.0.jar:/Users/AlexEyu/.m2/repository/org/junit/jupiter/junit-jupiter-api/5.4.0/junit-jupiter-api-5.4.0.jar:/Users/AlexEyu/.m2/repository/org/hamcrest/java-hamcrest/2.0.0.0/java-hamcrest-2.0.0.0.jar:"/>
    <property name="java.vm.vendor" value="Oracle Corporation"/>
    <property name="sun.arch.data.model" value="64"/>
    <property name="java.vendor.url" value="http://java.oracle.com/"/>
    <property name="user.timezone" value=""/>
    <property name="java.vm.specification.version" value="11"/>
    <property name="os.name" value="Mac OS X"/>
    <property name="sun.java.launcher" value="SUN_STANDARD"/>
    <property name="user.country" value="GB"/>
    <property name="sun.boot.library.path" value="/Library/Java/JavaVirtualMachines/jdk-11.0.1.jdk/Contents/Home/lib"/>
    <property name="sun.java.command" value="/Users/AlexEyu/google-code-sample/java/target/surefire/surefirebooter2402066272997004450.jar /Users/AlexEyu/google-code-sample/java/target/surefire 2021-06-30T18-31-43_250-jvmRun1 surefire13247984048449019355tmp surefire_06330928097773170206tmp"/>
    <property name="http.nonProxyHosts" value="local|*.local|169.254/16|*.169.254/16"/>
    <property name="jdk.debug" value="release"/>
    <property name="test" value="Part1Test"/>
    <property name="surefire.test.class.path" value="/Users/AlexEyu/google-code-sample/java/target/test-classes:/Users/AlexEyu/google-code-sample/java/target/classes:/Users/AlexEyu/.m2/repository/org/apache/maven/plugins/maven-compiler-plugin/3.8.1/maven-compiler-plugin-3.8.1.jar:/Users/AlexEyu/.m2/repository/org/apache/maven/maven-plugin-api/3.0/maven-plugin-api-3.0.jar:/Users/AlexEyu/.m2/repository/org/apache/maven/maven-model/3.0/maven-model-3.0.jar:/Users/AlexEyu/.m2/repository/org/sonatype/sisu/sisu-inject-plexus/1.4.2/sisu-inject-plexus-1.4.2.jar:/Users/AlexEyu/.m2/repository/org/sonatype/sisu/sisu-inject-bean/1.4.2/sisu-inject-bean-1.4.2.jar:/Users/AlexEyu/.m2/repository/org/sonatype/sisu/sisu-guice/2.1.7/sisu-guice-2.1.7-noaop.jar:/Users/AlexEyu/.m2/repository/org/apache/maven/maven-artifact/3.0/maven-artifact-3.0.jar:/Users/AlexEyu/.m2/repository/org/codehaus/plexus/plexus-utils/2.0.4/plexus-utils-2.0.4.jar:/Users/AlexEyu/.m2/repository/org/apache/maven/maven-core/3.0/maven-core-3.0.jar:/Users/AlexEyu/.m2/repository/org/apache/maven/maven-settings/3.0/maven-settings-3.0.jar:/Users/AlexEyu/.m2/repository/org/apache/maven/maven-settings-builder/3.0/maven-settings-builder-3.0.jar:/Users/AlexEyu/.m2/repository/org/apache/maven/maven-repository-metadata/3.0/maven-repository-metadata-3.0.jar:/Users/AlexEyu/.m2/repository/org/apache/maven/maven-model-builder/3.0/maven-model-builder-3.0.jar:/Users/AlexEyu/.m2/repository/org/apache/maven/maven-aether-provider/3.0/maven-aether-provider-3.0.jar:/Users/AlexEyu/.m2/repository/org/sonatype/aether/aether-impl/1.7/aether-impl-1.7.jar:/Users/AlexEyu/.m2/repository/org/sonatype/aether/aether-spi/1.7/aether-spi-1.7.jar:/Users/AlexEyu/.m2/repository/org/sonatype/aether/aether-api/1.7/aether-api-1.7.jar:/Users/AlexEyu/.m2/repository/org/sonatype/aether/aether-util/1.7/aether-util-1.7.jar:/Users/AlexEyu/.m2/repository/org/codehaus/plexus/plexus-interpolation/1.14/plexus-interpolation-1.14.jar:/Users/AlexEyu/.m2/repository/org/codehaus/plexus/plexus-classworlds/2.2.3/plexus-classworlds-2.2.3.jar:/Users/AlexEyu/.m2/repository/org/codehaus/plexus/plexus-component-annotations/1.5.5/plexus-component-annotations-1.5.5.jar:/Users/AlexEyu/.m2/repository/org/sonatype/plexus/plexus-sec-dispatcher/1.3/plexus-sec-dispatcher-1.3.jar:/Users/AlexEyu/.m2/repository/org/sonatype/plexus/plexus-cipher/1.4/plexus-cipher-1.4.jar:/Users/AlexEyu/.m2/repository/org/apache/maven/shared/maven-shared-utils/3.2.1/maven-shared-utils-3.2.1.jar:/Users/AlexEyu/.m2/repository/commons-io/commons-io/2.5/commons-io-2.5.jar:/Users/AlexEyu/.m2/repository/org/apache/maven/shared/maven-shared-incremental/1.1/maven-shared-incremental-1.1.jar:/Users/AlexEyu/.m2/repository/org/codehaus/plexus/plexus-java/0.9.10/plexus-java-0.9.10.jar:/Users/AlexEyu/.m2/repository/org/ow2/asm/asm/6.2/asm-6.2.jar:/Users/AlexEyu/.m2/repository/com/thoughtworks/qdox/qdox/2.0-M8/qdox-2.0-M8.jar:/Users/AlexEyu/.m2/repository/org/codehaus/plexus/plexus-compiler-api/2.8.4/plexus-compiler-api-2.8.4.jar:/Users/AlexEyu/.m2/repository/org/codehaus/plexus/plexus-compiler-manager/2.8.4/plexus-compiler-manager-2.8.4.jar:/Users/AlexEyu/.m2/repository/org/codehaus/plexus/plexus-compiler-javac/2.8.4/plexus-compiler-javac-2.8.4.jar:/Users/AlexEyu/.m2/repository/org/junit/jupiter/junit-jupiter-engine/5.4.0/junit-jupiter-engine-5.4.0.jar:/Users/AlexEyu/.m2/repository/org/apiguardian/apiguardian-api/1.0.0/apiguardian-api-1.0.0.jar:/Users/AlexEyu/.m2/repository/org/junit/platform/junit-platform-engine/1.4.0/junit-platform-engine-1.4.0.jar:/Users/AlexEyu/.m2/repository/org/opentest4j/opentest4j/1.1.1/opentest4j-1.1.1.jar:/Users/AlexEyu/.m2/repository/org/junit/platform/junit-platform-commons/1.4.0/junit-platform-commons-1.4.0.jar:/Users/AlexEyu/.m2/repository/org/junit/jupiter/junit-jupiter-api/5.4.0/junit-jupiter-api-5.4.0.jar:/Users/AlexEyu/.m2/repository/org/hamcrest/java-hamcrest/2.0.0.0/java-hamcrest-2.0.0.0.jar:"/>
    <property name="sun.cpu.endian" value="little"/>
    <property name="user.home" value="/Users/AlexEyu"/>
    <property name="user.language" value="en"/>
    <property name="java.specification.vendor" value="Oracle Corporation"/>
    <property name="java.version.date" value="2018-10-16"/>
    <property name="java.home" value="/Library/Java/JavaVirtualMachines/jdk-11.0.1.jdk/Contents/Home"/>
    <property name="file.separator" value="/"/>
    <property name="basedir" value="/Users/AlexEyu/google-code-sample/java"/>
    <property name="java.vm.compressedOopsMode" value="Zero based"/>
    <property name="line.separator" value="&#10;"/>
    <property name="java.specification.name" value="Java Platform API Specification"/>
    <property name="java.vm.specification.vendor" value="Oracle Corporation"/>
    <property name="java.awt.graphicsenv" value="sun.awt.CGraphicsEnvironment"/>
    <property name="surefire.real.class.path" value="/Users/AlexEyu/google-code-sample/java/target/surefire/surefirebooter2402066272997004450.jar"/>
    <property name="sun.management.compiler" value="HotSpot 64-Bit Tiered Compilers"/>
    <property name="ftp.nonProxyHosts" value="local|*.local|169.254/16|*.169.254/16"/>
    <property name="java.runtime.version" value="11.0.1+13-LTS"/>
    <property name="user.name" value="AlexEyu"/>
    <property name="path.separator" value=":"/>
    <property name="os.version" value="10.15.7"/>
    <property name="java.runtime.name" value="Java(TM) SE Runtime Environment"/>
    <property name="file.encoding" value="UTF-8"/>
    <property name="java.vm.name" value="Java HotSpot(TM) 64-Bit Server VM"/>
    <property name="java.vendor.version" value="18.9"/>
    <property name="localRepository" value="/Users/AlexEyu/.m2/repository"/>
    <property name="java.vendor.url.bug" value="http://bugreport.java.com/bugreport/"/>
    <property name="java.io.tmpdir" value="/var/folders/_q/d0bwy0zd05x2ph0smlpggm3m0000gn/T/"/>
    <property name="java.version" value="11.0.1"/>
    <property name="user.dir" value="/Users/AlexEyu/google-code-sample/java"/>
    <property name="os.arch" value="x86_64"/>
    <property name="java.vm.specification.name" value="Java Virtual Machine Specification"/>
    <property name="java.awt.printerjob" value="sun.lwawt.macosx.CPrinterJob"/>
    <property name="sun.os.patch.level" value="unknown"/>
    <property name="java.library.path" value="/Users/AlexEyu/Library/Java/Extensions:/Library/Java/Extensions:/Network/Library/Java/Extensions:/System/Library/Java/Extensions:/usr/lib/java:."/>
    <property name="java.vendor" value="Oracle Corporation"/>
    <property name="java.vm.info" value="mixed mode"/>
    <property name="java.vm.version" value="11.0.1+13-LTS"/>
    <property name="sun.io.unicode.encoding" value="UnicodeBig"/>
    <property name="java.class.version" value="55.0"/>
    <property name="socksNonProxyHosts" value="local|*.local|169.254/16|*.169.254/16"/>
  </properties>
  <testcase name="testStopVideo" classname="com.google.Part1Test" time="0.065">
    <failure type="java.lang.AssertionError"><![CDATA[java.lang.AssertionError: 

Expected: a string containing "Playing video: Amazing Cats"
     but: was "playVideo needs implementation"
	at com.google.Part1Test.testStopVideo(Part1Test.java:88)
]]></failure>
  </testcase>
  <testcase name="testPauseAlreadyPausedVideo" classname="com.google.Part1Test" time="0.005">
    <failure type="java.lang.AssertionError"><![CDATA[java.lang.AssertionError: 

Expected: a string containing "Playing video: Amazing Cats"
     but: was "playVideo needs implementation"
	at com.google.Part1Test.testPauseAlreadyPausedVideo(Part1Test.java:201)
]]></failure>
  </testcase>
  <testcase name="testPlayRandomVideoStopsPreviousVideo" classname="com.google.Part1Test" time="0.008">
    <failure type="org.opentest4j.AssertionFailedError"><![CDATA[org.opentest4j.AssertionFailedError: 
playVideo needs implementation
playRandomVideo needs implementation
 ==> expected: <3> but was: <2>
	at com.google.Part1Test.testPlayRandomVideoStopsPreviousVideo(Part1Test.java:127)
]]></failure>
  </testcase>
  <testcase name="testPlayVideo" classname="com.google.Part1Test" time="0.004">
    <failure type="java.lang.AssertionError"><![CDATA[java.lang.AssertionError: 

Expected: a string containing "Playing video: Amazing Cats"
     but: was "playVideo needs implementation
"
	at com.google.Part1Test.testPlayVideo(Part1Test.java:48)
]]></failure>
  </testcase>
  <testcase name="testPlayRandomVideo" classname="com.google.Part1Test" time="0.005">
    <failure type="java.lang.AssertionError"><![CDATA[java.lang.AssertionError: 

Expected: a string matching the pattern 'Playing video: (Amazing Cats|Another Cat Video|Funny Dogs|Life at Google|Video about nothing).*'
     but: was "playRandomVideo needs implementation\n"
	at com.google.Part1Test.testPlayRandomVideo(Part1Test.java:118)
]]></failure>
  </testcase>
  <testcase name="testStopVideoTwice" classname="com.google.Part1Test" time="0.005">
    <failure type="java.lang.AssertionError"><![CDATA[java.lang.AssertionError: 

Expected: a string containing "Playing video: Amazing Cats"
     but: was "playVideo needs implementation"
	at com.google.Part1Test.testStopVideoTwice(Part1Test.java:100)
]]></failure>
  </testcase>
  <testcase name="testPlayVideoStopPrevious" classname="com.google.Part1Test" time="0.006">
    <failure type="org.opentest4j.AssertionFailedError"><![CDATA[org.opentest4j.AssertionFailedError: 
playVideo needs implementation
playVideo needs implementation
 ==> expected: <3> but was: <2>
	at com.google.Part1Test.testPlayVideoStopPrevious(Part1Test.java:64)
]]></failure>
  </testcase>
  <testcase name="testPauseVideo" classname="com.google.Part1Test" time="0.006">
    <failure type="java.lang.AssertionError"><![CDATA[java.lang.AssertionError: 

Expected: a string containing "Playing video: Amazing Cats"
     but: was "playVideo needs implementation"
	at com.google.Part1Test.testPauseVideo(Part1Test.java:159)
]]></failure>
  </testcase>
  <testcase name="testShowPlaying" classname="com.google.Part1Test" time="0.005">
    <failure type="java.lang.AssertionError"><![CDATA[java.lang.AssertionError: 

Expected: a string containing "Playing video: Amazing Cats"
     but: was "playVideo needs implementation"
	at com.google.Part1Test.testShowPlaying(Part1Test.java:140)
]]></failure>
  </testcase>
  <testcase name="testContinueVideoNothingPlaying" classname="com.google.Part1Test" time="0.005">
    <failure type="java.lang.AssertionError"><![CDATA[java.lang.AssertionError: 

Expected: a string containing "Cannot continue video: No video is currently playing"
     but: was "continueVideo needs implementation
"
	at com.google.Part1Test.testContinueVideoNothingPlaying(Part1Test.java:242)
]]></failure>
  </testcase>
  <testcase name="testContinueVideo" classname="com.google.Part1Test" time="0.003">
    <failure type="java.lang.AssertionError"><![CDATA[java.lang.AssertionError: 

Expected: a string containing "Playing video: Amazing Cats"
     but: was "playVideo needs implementation"
	at com.google.Part1Test.testContinueVideo(Part1Test.java:222)
]]></failure>
  </testcase>
  <testcase name="testPlayVideoDontStopPreviousIfNonExistent" classname="com.google.Part1Test" time="0.009">
    <failure type="java.lang.AssertionError"><![CDATA[java.lang.AssertionError: 

Expected: a string containing "Cannot play video: Video does not exist"
     but: was "playVideo needs implementation"
	at com.google.Part1Test.testPlayVideoDontStopPreviousIfNonExistent(Part1Test.java:78)
]]></failure>
  </testcase>
  <testcase name="testPauseVideoShowVideo" classname="com.google.Part1Test" time="0.005">
    <failure type="java.lang.AssertionError"><![CDATA[java.lang.AssertionError: 

Expected: a string containing "Playing video: Amazing Cats"
     but: was "playVideo needs implementation"
	at com.google.Part1Test.testPauseVideoShowVideo(Part1Test.java:171)
]]></failure>
  </testcase>
  <testcase name="testPauseVideoPlayVideo" classname="com.google.Part1Test" time="0.004">
    <failure type="org.opentest4j.AssertionFailedError"><![CDATA[org.opentest4j.AssertionFailedError: 
playVideo needs implementation
pauseVideo needs implementation
playVideo needs implementation
showPlaying needs implementation
 ==> expected: <5> but was: <4>
	at com.google.Part1Test.testPauseVideoPlayVideo(Part1Test.java:185)
]]></failure>
  </testcase>
  <testcase name="testContinueVideoNotPaused" classname="com.google.Part1Test" time="0.004">
    <failure type="java.lang.AssertionError"><![CDATA[java.lang.AssertionError: 

Expected: a string containing "Cannot continue video: Video is not paused"
     but: was "continueVideo needs implementation"
	at com.google.Part1Test.testContinueVideoNotPaused(Part1Test.java:234)
]]></failure>
  </testcase>
  <testcase name="testPlayVideoNonExistent" classname="com.google.Part1Test" time="0.004">
    <failure type="java.lang.AssertionError"><![CDATA[java.lang.AssertionError: 

Expected: a string containing "Cannot play video: Video does not exist"
     but: was "playVideo needs implementation
"
	at com.google.Part1Test.testPlayVideoNonExistent(Part1Test.java:55)
]]></failure>
  </testcase>
  <testcase name="testNumberOfVideos" classname="com.google.Part1Test" time="0.003"/>
  <testcase name="testShowAllVideos" classname="com.google.Part1Test" time="0.002">
    <failure type="java.lang.AssertionError"><![CDATA[java.lang.AssertionError: 

Expected: a string containing "Amazing Cats (amazing_cats_video_id) [#cat #animal]"
     but: was "[com.google.Video@1f97cf0d, com.google.Video@140c9f39, com.google.Video@4d910fd6, com.google.Video@26275bef, com.google.Video@7690781]"
	at com.google.Part1Test.testShowAllVideos(Part1Test.java:32)
]]></failure>
  </testcase>
  <testcase name="testPauseVideoNothingPlaying" classname="com.google.Part1Test" time="0.007">
    <failure type="java.lang.AssertionError"><![CDATA[java.lang.AssertionError: 

Expected: a string containing "Cannot pause video: No video is currently playing"
     but: was "pauseVideo needs implementation
"
	at com.google.Part1Test.testPauseVideoNothingPlaying(Part1Test.java:210)
]]></failure>
  </testcase>
  <testcase name="testShowNothingPlaying" classname="com.google.Part1Test" time="0.004">
    <failure type="java.lang.AssertionError"><![CDATA[java.lang.AssertionError: 

Expected: a string containing "No video is currently playing"
     but: was "showPlaying needs implementation
"
	at com.google.Part1Test.testShowNothingPlaying(Part1Test.java:149)
]]></failure>
  </testcase>
  <testcase name="testStopVideoNothingPlaying" classname="com.google.Part1Test" time="0.003">
    <failure type="java.lang.AssertionError"><![CDATA[java.lang.AssertionError: 

Expected: a string containing "Cannot stop video: No video is currently playing"
     but: was "stopVideo needs implementation
"
	at com.google.Part1Test.testStopVideoNothingPlaying(Part1Test.java:110)
]]></failure>
  </testcase>
</testsuite>