<?xml version="1.0" encoding="UTF-8"?>
<testsuite xmlns:xsi="http://www.w3.org/2001/XMLSchema-instance" xsi:noNamespaceSchemaLocation="https://maven.apache.org/surefire/maven-surefire-plugin/xsd/surefire-test-report-3.0.xsd" version="3.0" name="com.google.Part4Test" time="0.136" tests="18" errors="0" skipped="0" failures="18">
  <properties>
[...]
</properties>
  <testcase name="testAllowVideo" classname="com.google.Part4Test" time="0.003">
    <failure type="java.lang.AssertionError"><![CDATA[java.lang.AssertionError: 

Expected: a string containing "Successfully flagged video: Amazing Cats (reason: dont_like_cats)"
     but: was "flagVideo needs implementation"
	at com.google.Part4Test.testAllowVideo(Part4Test.java:234)
]]></failure>
  </testcase>
  <testcase name="testAllowVideoNotFlagged" classname="com.google.Part4Test" time="0.002">
    <failure type="java.lang.AssertionError"><![CDATA[java.lang.AssertionError: 

Expected: a string containing "Cannot remove flag from video: Video is not flagged"
     but: was "allowVideo needs implementation
"
	at com.google.Part4Test.testAllowVideoNotFlagged(Part4Test.java:245)
]]></failure>
  </testcase>
  <testcase name="testFlagVideoStopPausedVideo" classname="com.google.Part4Test" time="0.003">
    <failure type="org.opentest4j.AssertionFailedError"><![CDATA[org.opentest4j.AssertionFailedError: 
playVideo needs implementation
pauseVideo needs implementation
flagVideo needs implementation
showPlaying needs implementation
 ==> expected: <5> but was: <4>
	at com.google.Part4Test.testFlagVideoStopPausedVideo(Part4Test.java:203)
]]></failure>
  </testcase>
  <testcase name="testFlagVideosPlayRandom" classname="com.google.Part4Test" time="0.014">
    <failure type="java.lang.AssertionError"><![CDATA[java.lang.AssertionError: 

Expected: a string containing "Successfully flagged video: Funny Dogs (reason: Not supplied)"
     but: was "flagVideo needs implementation"
	at com.google.Part4Test.testFlagVideosPlayRandom(Part4Test.java:69)
]]></failure>
  </testcase>
  <testcase name="testAllowVideoNonexistent" classname="com.google.Part4Test" time="0.003">
    <failure type="java.lang.AssertionError"><![CDATA[java.lang.AssertionError: 

Expected: a string containing "Cannot remove flag from video: Video does not exist"
     but: was "allowVideo needs implementation
"
	at com.google.Part4Test.testAllowVideoNonexistent(Part4Test.java:253)
]]></failure>
  </testcase>
  <testcase name="testFlagVideoAddVideoToPlaylist" classname="com.google.Part4Test" time="0.025">
    <failure type="java.lang.AssertionError"><![CDATA[java.lang.AssertionError: 

Expected: a string containing "Successfully flagged video: Amazing Cats (reason: Not supplied)"
     but: was "flagVideo needs implementation"
	at com.google.Part4Test.testFlagVideoAddVideoToPlaylist(Part4Test.java:91)
]]></failure>
  </testcase>
  <testcase name="testFlagVideoShowAllVideos" classname="com.google.Part4Test" time="0.002">
    <failure type="org.opentest4j.AssertionFailedError"><![CDATA[org.opentest4j.AssertionFailedError: 
flagVideo needs implementation
showAllVideos needs implementation
 ==> expected: <7> but was: <2>
	at com.google.Part4Test.testFlagVideoShowAllVideos(Part4Test.java:124)
]]></failure>
  </testcase>
  <testcase name="testFlagVideoKeepVideoPlayingIfDifferentFromFlaggedVideo" classname="com.google.Part4Test" time="0.005">
    <failure type="java.lang.AssertionError"><![CDATA[java.lang.AssertionError: 

Expected: a string containing "Playing video: Amazing Cats"
     but: was "playVideo needs implementation"
	at com.google.Part4Test.testFlagVideoKeepVideoPlayingIfDifferentFromFlaggedVideo(Part4Test.java:220)
]]></failure>
  </testcase>
  <testcase name="testAllowVideoShowPlaylist" classname="com.google.Part4Test" time="0.003">
    <failure type="org.opentest4j.AssertionFailedError"><![CDATA[org.opentest4j.AssertionFailedError: 
createPlaylist needs implementation
addVideoToPlaylist needs implementation
flagVideo needs implementation
showPlaylist needs implementation
allowVideo needs implementation
showPlaylist needs implementation
 ==> expected: <8> but was: <6>
	at com.google.Part4Test.testAllowVideoShowPlaylist(Part4Test.java:267)
]]></failure>
  </testcase>
  <testcase name="testFlagVideoSearchVideos" classname="com.google.Part4Test" time="0.007">
    <failure type="org.opentest4j.AssertionFailedError"><![CDATA[org.opentest4j.AssertionFailedError: 
flagVideo needs implementation
searchVideos needs implementation
 ==> expected: <5> but was: <2>
	at com.google.Part4Test.testFlagVideoSearchVideos(Part4Test.java:148)
]]></failure>
  </testcase>
  <testcase name="testFlagVideoStopPlayingVideo" classname="com.google.Part4Test" time="0.002">
    <failure type="org.opentest4j.AssertionFailedError"><![CDATA[org.opentest4j.AssertionFailedError: 
playVideo needs implementation
flagVideo needs implementation
showPlaying needs implementation
 ==> expected: <4> but was: <3>
	at com.google.Part4Test.testFlagVideoStopPlayingVideo(Part4Test.java:187)
]]></failure>
  </testcase>
  <testcase name="testFlagVideoSearchVideosWithTag" classname="com.google.Part4Test" time="0.003">
    <failure type="org.opentest4j.AssertionFailedError"><![CDATA[org.opentest4j.AssertionFailedError: 
flagVideo needs implementation
searchVideosWithTag needs implementation
 ==> expected: <5> but was: <2>
	at com.google.Part4Test.testFlagVideoSearchVideosWithTag(Part4Test.java:168)
]]></failure>
  </testcase>
  <testcase name="testFlagVideoCanNoLongerPlay" classname="com.google.Part4Test" time="0.004">
    <failure type="java.lang.AssertionError"><![CDATA[java.lang.AssertionError: 

Expected: a string containing "Successfully flagged video: Amazing Cats (reason: Not supplied)"
     but: was "flagVideo needs implementation"
	at com.google.Part4Test.testFlagVideoCanNoLongerPlay(Part4Test.java:53)
]]></failure>
  </testcase>
  <testcase name="testFlagVideoWithoutReason" classname="com.google.Part4Test" time="0.002">
    <failure type="java.lang.AssertionError"><![CDATA[java.lang.AssertionError: 

Expected: a string containing "Successfully flagged video: Another Cat Video (reason: Not supplied)"
     but: was "flagVideo needs implementation
"
	at com.google.Part4Test.testFlagVideoWithoutReason(Part4Test.java:23)
]]></failure>
  </testcase>
  <testcase name="testFlagVideoShowPlaylist" classname="com.google.Part4Test" time="0.003">
    <failure type="org.opentest4j.AssertionFailedError"><![CDATA[org.opentest4j.AssertionFailedError: 
createPlaylist needs implementation
addVideoToPlaylist needs implementation
flagVideo needs implementation
showPlaylist needs implementation
 ==> expected: <5> but was: <4>
	at com.google.Part4Test.testFlagVideoShowPlaylist(Part4Test.java:107)
]]></failure>
  </testcase>
  <testcase name="testFlagVideoWithReason" classname="com.google.Part4Test" time="0.002">
    <failure type="java.lang.AssertionError"><![CDATA[java.lang.AssertionError: 

Expected: a string containing "Successfully flagged video: Amazing Cats (reason: dont_like_cats)"
     but: was "flagVideo needs implementation
"
	at com.google.Part4Test.testFlagVideoWithReason(Part4Test.java:15)
]]></failure>
  </testcase>
  <testcase name="testFlagVideoAlreadyFlagged" classname="com.google.Part4Test" time="0.002">
    <failure type="java.lang.AssertionError"><![CDATA[java.lang.AssertionError: 

Expected: a string containing "Successfully flagged video: Amazing Cats (reason: dont_like_cats)"
     but: was "flagVideo needs implementation"
	at com.google.Part4Test.testFlagVideoAlreadyFlagged(Part4Test.java:34)
]]></failure>
  </testcase>
  <testcase name="testFlagVideoNonexistent" classname="com.google.Part4Test" time="0.004">
    <failure type="java.lang.AssertionError"><![CDATA[java.lang.AssertionError: 

Expected: a string containing "Cannot flag video: Video does not exist"
     but: was "flagVideo needs implementation
"
	at com.google.Part4Test.testFlagVideoNonexistent(Part4Test.java:43)
]]></failure>
  </testcase>
</testsuite>