<?xml version="1.0" encoding="UTF-8"?>
<testsuite xmlns:xsi="http://www.w3.org/2001/XMLSchema-instance" xsi:noNamespaceSchemaLocation="https://maven.apache.org/surefire/maven-surefire-plugin/xsd/surefire-test-report-3.0.xsd" version="3.0" name="com.google.Part4Test" time="0.136" tests="18" errors="0" skipped="0" failures="18">
  <properties>
    <property name="gopherProxySet" value="false"/>
    <property name="awt.toolkit" value="sun.lwawt.macosx.LWCToolkit"/>
    <property name="java.specification.version" value="11"/>
    <property name="sun.cpu.isalist" value=""/>
    <property name="sun.jnu.encoding" value="UTF-8"/>
    <property name="java.class.path" value="/Users/AlexEyu/google-code-sample/java/target/test-classes:/Users/AlexEyu/google-code-sample/java/target/classes:/Users/AlexEyu/.m2/repository/org/apache/maven/plugins/maven-compiler-plugin/3.8.1/maven-compiler-plugin-3.8.1.jar:/Users/AlexEyu/.m2/repository/org/apache/maven/maven-plugin-api/3.0/maven-plugin-api-3.0.jar:/Users/AlexEyu/.m2/repository/org/apache/maven/maven-model/3.0/maven-model-3.0.jar:/Users/AlexEyu/.m2/repository/org/sonatype/sisu/sisu-inject-plexus/1.4.2/sisu-inject-plexus-1.4.2.jar:/Users/AlexEyu/.m2/repository/org/sonatype/sisu/sisu-inject-bean/1.4.2/sisu-inject-bean-1.4.2.jar:/Users/AlexEyu/.m2/repository/org/sonatype/sisu/sisu-guice/2.1.7/sisu-guice-2.1.7-noaop.jar:/Users/AlexEyu/.m2/repository/org/apache/maven/maven-artifact/3.0/maven-artifact-3.0.jar:/Users/AlexEyu/.m2/repository/org/codehaus/plexus/plexus-utils/2.0.4/plexus-utils-2.0.4.jar:/Users/AlexEyu/.m2/repository/org/apache/maven/maven-core/3.0/maven-core-3.0.jar:/Users/AlexEyu/.m2/repository/org/apache/maven/maven-settings/3.0/maven-settings-3.0.jar:/Users/AlexEyu/.m2/repository/org/apache/maven/maven-settings-builder/3.0/maven-settings-builder-3.0.jar:/Users/AlexEyu/.m2/repository/org/apache/maven/maven-repository-metadata/3.0/maven-repository-metadata-3.0.jar:/Users/AlexEyu/.m2/repository/org/apache/maven/maven-model-builder/3.0/maven-model-builder-3.0.jar:/Users/AlexEyu/.m2/repository/org/apache/maven/maven-aether-provider/3.0/maven-aether-provider-3.0.jar:/Users/AlexEyu/.m2/repository/org/sonatype/aether/aether-impl/1.7/aether-impl-1.7.jar:/Users/AlexEyu/.m2/repository/org/sonatype/aether/aether-spi/1.7/aether-spi-1.7.jar:/Users/AlexEyu/.m2/repository/org/sonatype/aether/aether-api/1.7/aether-api-1.7.jar:/Users/AlexEyu/.m2/repository/org/sonatype/aether/aether-util/1.7/aether-util-1.7.jar:/Users/AlexEyu/.m2/repository/org/codehaus/plexus/plexus-interpolation/1.14/plexus-interpolation-1.14.jar:/Users/AlexEyu/.m2/repository/org/codehaus/plexus/plexus-classworlds/2.2.3/plexus-classworlds-2.2.3.jar:/Users/AlexEyu/.m2/repository/org/codehaus/plexus/plexus-component-annotations/1.5.5/plexus-component-annotations-1.5.5.jar:/Users/AlexEyu/.m2/repository/org/sonatype/plexus/plexus-sec-dispatcher/1.3/plexus-sec-dispatcher-1.3.jar:/Users/AlexEyu/.m2/repository/org/sonatype/plexus/plexus-cipher/1.4/plexus-cipher-1.4.jar:/Users/AlexEyu/.m2/repository/org/apache/maven/shared/maven-shared-utils/3.2.1/maven-shared-utils-3.2.1.jar:/Users/AlexEyu/.m2/repository/commons-io/commons-io/2.5/commons-io-2.5.jar:/Users/AlexEyu/.m2/repository/org/apache/maven/shared/maven-shared-incremental/1.1/maven-shared-incremental-1.1.jar:/Users/AlexEyu/.m2/repository/org/codehaus/plexus/plexus-java/0.9.10/plexus-java-0.9.10.jar:/Users/AlexEyu/.m2/repository/org/ow2/asm/asm/6.2/asm-6.2.jar:/Users/AlexEyu/.m2/repository/com/thoughtworks/qdox/qdox/2.0-M8/qdox-2.0-M8.jar:/Users/AlexEyu/.m2/repository/org/codehaus/plexus/plexus-compiler-api/2.8.4/plexus-compiler-api-2.8.4.jar:/Users/AlexEyu/.m2/repository/org/codehaus/plexus/plexus-compiler-manager/2.8.4/plexus-compiler-manager-2.8.4.jar:/Users/AlexEyu/.m2/repository/org/codehaus/plexus/plexus-compiler-javac/2.8.4/plexus-compiler-javac-2.8.4.jar:/Users/AlexEyu/.m2/repository/org/junit/jupiter/junit-jupiter-engine/5.4.0/junit-jupiter-engine-5.4.0.jar:/Users/AlexEyu/.m2/repository/org/apiguardian/apiguardian-api/1.0.0/apiguardian-api-1.0.0.jar:/Users/AlexEyu/.m2/repository/org/junit/platform/junit-platform-engine/1.4.0/junit-platform-engine-1.4.0.jar:/Users/AlexEyu/.m2/repository/org/opentest4j/opentest4j/1.1.1/opentest4j-1.1.1.jar:/Users/AlexEyu/.m2/repository/org/junit/platform/junit-platform-commons/1.4.0/junit-platform-commons-1.4.0.jar:/Users/AlexEyu/.m2/repository/org/junit/jupiter/junit-jupiter-api/5.4.0/junit-jupiter-api-5.4.0.jar:/Users/AlexEyu/.m2/repository/org/hamcrest/java-hamcrest/2.0.0.0/java-hamcrest-2.0.0.0.jar:"/>
    <property name="java.vm.vendor" value="Oracle Corporation"/>
    <property name="sun.arch.data.model" value="64"/>
    <property name="java.vendor.url" value="http://java.oracle.com/"/>
    <property name="user.timezone" value=""/>
    <property name="java.vm.specification.version" value="11"/>
    <property name="os.name" value="Mac OS X"/>
    <property name="sun.java.launcher" value="SUN_STANDARD"/>
    <property name="user.country" value="GB"/>
    <property name="sun.boot.library.path" value="/Library/Java/JavaVirtualMachines/jdk-11.0.1.jdk/Contents/Home/lib"/>
    <property name="sun.java.command" value="/Users/AlexEyu/google-code-sample/java/target/surefire/surefirebooter5685404587980933432.jar /Users/AlexEyu/google-code-sample/java/target/surefire 2021-06-30T18-17-23_120-jvmRun1 surefire10887713892413179873tmp surefire_06643763367772646754tmp"/>
    <property name="http.nonProxyHosts" value="local|*.local|169.254/16|*.169.254/16"/>
    <property name="jdk.debug" value="release"/>
    <property name="surefire.test.class.path" value="/Users/AlexEyu/google-code-sample/java/target/test-classes:/Users/AlexEyu/google-code-sample/java/target/classes:/Users/AlexEyu/.m2/repository/org/apache/maven/plugins/maven-compiler-plugin/3.8.1/maven-compiler-plugin-3.8.1.jar:/Users/AlexEyu/.m2/repository/org/apache/maven/maven-plugin-api/3.0/maven-plugin-api-3.0.jar:/Users/AlexEyu/.m2/repository/org/apache/maven/maven-model/3.0/maven-model-3.0.jar:/Users/AlexEyu/.m2/repository/org/sonatype/sisu/sisu-inject-plexus/1.4.2/sisu-inject-plexus-1.4.2.jar:/Users/AlexEyu/.m2/repository/org/sonatype/sisu/sisu-inject-bean/1.4.2/sisu-inject-bean-1.4.2.jar:/Users/AlexEyu/.m2/repository/org/sonatype/sisu/sisu-guice/2.1.7/sisu-guice-2.1.7-noaop.jar:/Users/AlexEyu/.m2/repository/org/apache/maven/maven-artifact/3.0/maven-artifact-3.0.jar:/Users/AlexEyu/.m2/repository/org/codehaus/plexus/plexus-utils/2.0.4/plexus-utils-2.0.4.jar:/Users/AlexEyu/.m2/repository/org/apache/maven/maven-core/3.0/maven-core-3.0.jar:/Users/AlexEyu/.m2/repository/org/apache/maven/maven-settings/3.0/maven-settings-3.0.jar:/Users/AlexEyu/.m2/repository/org/apache/maven/maven-settings-builder/3.0/maven-settings-builder-3.0.jar:/Users/AlexEyu/.m2/repository/org/apache/maven/maven-repository-metadata/3.0/maven-repository-metadata-3.0.jar:/Users/AlexEyu/.m2/repository/org/apache/maven/maven-model-builder/3.0/maven-model-builder-3.0.jar:/Users/AlexEyu/.m2/repository/org/apache/maven/maven-aether-provider/3.0/maven-aether-provider-3.0.jar:/Users/AlexEyu/.m2/repository/org/sonatype/aether/aether-impl/1.7/aether-impl-1.7.jar:/Users/AlexEyu/.m2/repository/org/sonatype/aether/aether-spi/1.7/aether-spi-1.7.jar:/Users/AlexEyu/.m2/repository/org/sonatype/aether/aether-api/1.7/aether-api-1.7.jar:/Users/AlexEyu/.m2/repository/org/sonatype/aether/aether-util/1.7/aether-util-1.7.jar:/Users/AlexEyu/.m2/repository/org/codehaus/plexus/plexus-interpolation/1.14/plexus-interpolation-1.14.jar:/Users/AlexEyu/.m2/repository/org/codehaus/plexus/plexus-classworlds/2.2.3/plexus-classworlds-2.2.3.jar:/Users/AlexEyu/.m2/repository/org/codehaus/plexus/plexus-component-annotations/1.5.5/plexus-component-annotations-1.5.5.jar:/Users/AlexEyu/.m2/repository/org/sonatype/plexus/plexus-sec-dispatcher/1.3/plexus-sec-dispatcher-1.3.jar:/Users/AlexEyu/.m2/repository/org/sonatype/plexus/plexus-cipher/1.4/plexus-cipher-1.4.jar:/Users/AlexEyu/.m2/repository/org/apache/maven/shared/maven-shared-utils/3.2.1/maven-shared-utils-3.2.1.jar:/Users/AlexEyu/.m2/repository/commons-io/commons-io/2.5/commons-io-2.5.jar:/Users/AlexEyu/.m2/repository/org/apache/maven/shared/maven-shared-incremental/1.1/maven-shared-incremental-1.1.jar:/Users/AlexEyu/.m2/repository/org/codehaus/plexus/plexus-java/0.9.10/plexus-java-0.9.10.jar:/Users/AlexEyu/.m2/repository/org/ow2/asm/asm/6.2/asm-6.2.jar:/Users/AlexEyu/.m2/repository/com/thoughtworks/qdox/qdox/2.0-M8/qdox-2.0-M8.jar:/Users/AlexEyu/.m2/repository/org/codehaus/plexus/plexus-compiler-api/2.8.4/plexus-compiler-api-2.8.4.jar:/Users/AlexEyu/.m2/repository/org/codehaus/plexus/plexus-compiler-manager/2.8.4/plexus-compiler-manager-2.8.4.jar:/Users/AlexEyu/.m2/repository/org/codehaus/plexus/plexus-compiler-javac/2.8.4/plexus-compiler-javac-2.8.4.jar:/Users/AlexEyu/.m2/repository/org/junit/jupiter/junit-jupiter-engine/5.4.0/junit-jupiter-engine-5.4.0.jar:/Users/AlexEyu/.m2/repository/org/apiguardian/apiguardian-api/1.0.0/apiguardian-api-1.0.0.jar:/Users/AlexEyu/.m2/repository/org/junit/platform/junit-platform-engine/1.4.0/junit-platform-engine-1.4.0.jar:/Users/AlexEyu/.m2/repository/org/opentest4j/opentest4j/1.1.1/opentest4j-1.1.1.jar:/Users/AlexEyu/.m2/repository/org/junit/platform/junit-platform-commons/1.4.0/junit-platform-commons-1.4.0.jar:/Users/AlexEyu/.m2/repository/org/junit/jupiter/junit-jupiter-api/5.4.0/junit-jupiter-api-5.4.0.jar:/Users/AlexEyu/.m2/repository/org/hamcrest/java-hamcrest/2.0.0.0/java-hamcrest-2.0.0.0.jar:"/>
    <property name="sun.cpu.endian" value="little"/>
    <property name="user.home" value="/Users/AlexEyu"/>
    <property name="user.language" value="en"/>
    <property name="java.specification.vendor" value="Oracle Corporation"/>
    <property name="java.version.date" value="2018-10-16"/>
    <property name="java.home" value="/Library/Java/JavaVirtualMachines/jdk-11.0.1.jdk/Contents/Home"/>
    <property name="file.separator" value="/"/>
    <property name="basedir" value="/Users/AlexEyu/google-code-sample/java"/>
    <property name="java.vm.compressedOopsMode" value="Zero based"/>
    <property name="line.separator" value="&#10;"/>
    <property name="java.specification.name" value="Java Platform API Specification"/>
    <property name="java.vm.specification.vendor" value="Oracle Corporation"/>
    <property name="java.awt.graphicsenv" value="sun.awt.CGraphicsEnvironment"/>
    <property name="surefire.real.class.path" value="/Users/AlexEyu/google-code-sample/java/target/surefire/surefirebooter5685404587980933432.jar"/>
    <property name="sun.management.compiler" value="HotSpot 64-Bit Tiered Compilers"/>
    <property name="ftp.nonProxyHosts" value="local|*.local|169.254/16|*.169.254/16"/>
    <property name="java.runtime.version" value="11.0.1+13-LTS"/>
    <property name="user.name" value="AlexEyu"/>
    <property name="path.separator" value=":"/>
    <property name="os.version" value="10.15.7"/>
    <property name="java.runtime.name" value="Java(TM) SE Runtime Environment"/>
    <property name="file.encoding" value="UTF-8"/>
    <property name="java.vm.name" value="Java HotSpot(TM) 64-Bit Server VM"/>
    <property name="java.vendor.version" value="18.9"/>
    <property name="localRepository" value="/Users/AlexEyu/.m2/repository"/>
    <property name="java.vendor.url.bug" value="http://bugreport.java.com/bugreport/"/>
    <property name="java.io.tmpdir" value="/var/folders/_q/d0bwy0zd05x2ph0smlpggm3m0000gn/T/"/>
    <property name="java.version" value="11.0.1"/>
    <property name="user.dir" value="/Users/AlexEyu/google-code-sample/java"/>
    <property name="os.arch" value="x86_64"/>
    <property name="java.vm.specification.name" value="Java Virtual Machine Specification"/>
    <property name="java.awt.printerjob" value="sun.lwawt.macosx.CPrinterJob"/>
    <property name="sun.os.patch.level" value="unknown"/>
    <property name="java.library.path" value="/Users/AlexEyu/Library/Java/Extensions:/Library/Java/Extensions:/Network/Library/Java/Extensions:/System/Library/Java/Extensions:/usr/lib/java:."/>
    <property name="java.vendor" value="Oracle Corporation"/>
    <property name="java.vm.info" value="mixed mode"/>
    <property name="java.vm.version" value="11.0.1+13-LTS"/>
    <property name="sun.io.unicode.encoding" value="UnicodeBig"/>
    <property name="java.class.version" value="55.0"/>
    <property name="socksNonProxyHosts" value="local|*.local|169.254/16|*.169.254/16"/>
  </properties>
  <testcase name="testAllowVideo" classname="com.google.Part4Test" time="0.003">
    <failure type="java.lang.AssertionError"><![CDATA[java.lang.AssertionError: 

Expected: a string containing "Successfully flagged video: Amazing Cats (reason: dont_like_cats)"
     but: was "flagVideo needs implementation"
	at com.google.Part4Test.testAllowVideo(Part4Test.java:234)
]]></failure>
  </testcase>
  <testcase name="testAllowVideoNotFlagged" classname="com.google.Part4Test" time="0.002">
    <failure type="java.lang.AssertionError"><![CDATA[java.lang.AssertionError: 

Expected: a string containing "Cannot remove flag from video: Video is not flagged"
     but: was "allowVideo needs implementation
"
	at com.google.Part4Test.testAllowVideoNotFlagged(Part4Test.java:245)
]]></failure>
  </testcase>
  <testcase name="testFlagVideoStopPausedVideo" classname="com.google.Part4Test" time="0.003">
    <failure type="org.opentest4j.AssertionFailedError"><![CDATA[org.opentest4j.AssertionFailedError: 
playVideo needs implementation
pauseVideo needs implementation
flagVideo needs implementation
showPlaying needs implementation
 ==> expected: <5> but was: <4>
	at com.google.Part4Test.testFlagVideoStopPausedVideo(Part4Test.java:203)
]]></failure>
  </testcase>
  <testcase name="testFlagVideosPlayRandom" classname="com.google.Part4Test" time="0.014">
    <failure type="java.lang.AssertionError"><![CDATA[java.lang.AssertionError: 

Expected: a string containing "Successfully flagged video: Funny Dogs (reason: Not supplied)"
     but: was "flagVideo needs implementation"
	at com.google.Part4Test.testFlagVideosPlayRandom(Part4Test.java:69)
]]></failure>
  </testcase>
  <testcase name="testAllowVideoNonexistent" classname="com.google.Part4Test" time="0.003">
    <failure type="java.lang.AssertionError"><![CDATA[java.lang.AssertionError: 

Expected: a string containing "Cannot remove flag from video: Video does not exist"
     but: was "allowVideo needs implementation
"
	at com.google.Part4Test.testAllowVideoNonexistent(Part4Test.java:253)
]]></failure>
  </testcase>
  <testcase name="testFlagVideoAddVideoToPlaylist" classname="com.google.Part4Test" time="0.025">
    <failure type="java.lang.AssertionError"><![CDATA[java.lang.AssertionError: 

Expected: a string containing "Successfully flagged video: Amazing Cats (reason: Not supplied)"
     but: was "flagVideo needs implementation"
	at com.google.Part4Test.testFlagVideoAddVideoToPlaylist(Part4Test.java:91)
]]></failure>
  </testcase>
  <testcase name="testFlagVideoShowAllVideos" classname="com.google.Part4Test" time="0.002">
    <failure type="org.opentest4j.AssertionFailedError"><![CDATA[org.opentest4j.AssertionFailedError: 
flagVideo needs implementation
showAllVideos needs implementation
 ==> expected: <7> but was: <2>
	at com.google.Part4Test.testFlagVideoShowAllVideos(Part4Test.java:124)
]]></failure>
  </testcase>
  <testcase name="testFlagVideoKeepVideoPlayingIfDifferentFromFlaggedVideo" classname="com.google.Part4Test" time="0.005">
    <failure type="java.lang.AssertionError"><![CDATA[java.lang.AssertionError: 

Expected: a string containing "Playing video: Amazing Cats"
     but: was "playVideo needs implementation"
	at com.google.Part4Test.testFlagVideoKeepVideoPlayingIfDifferentFromFlaggedVideo(Part4Test.java:220)
]]></failure>
  </testcase>
  <testcase name="testAllowVideoShowPlaylist" classname="com.google.Part4Test" time="0.003">
    <failure type="org.opentest4j.AssertionFailedError"><![CDATA[org.opentest4j.AssertionFailedError: 
createPlaylist needs implementation
addVideoToPlaylist needs implementation
flagVideo needs implementation
showPlaylist needs implementation
allowVideo needs implementation
showPlaylist needs implementation
 ==> expected: <8> but was: <6>
	at com.google.Part4Test.testAllowVideoShowPlaylist(Part4Test.java:267)
]]></failure>
  </testcase>
  <testcase name="testFlagVideoSearchVideos" classname="com.google.Part4Test" time="0.007">
    <failure type="org.opentest4j.AssertionFailedError"><![CDATA[org.opentest4j.AssertionFailedError: 
flagVideo needs implementation
searchVideos needs implementation
 ==> expected: <5> but was: <2>
	at com.google.Part4Test.testFlagVideoSearchVideos(Part4Test.java:148)
]]></failure>
  </testcase>
  <testcase name="testFlagVideoStopPlayingVideo" classname="com.google.Part4Test" time="0.002">
    <failure type="org.opentest4j.AssertionFailedError"><![CDATA[org.opentest4j.AssertionFailedError: 
playVideo needs implementation
flagVideo needs implementation
showPlaying needs implementation
 ==> expected: <4> but was: <3>
	at com.google.Part4Test.testFlagVideoStopPlayingVideo(Part4Test.java:187)
]]></failure>
  </testcase>
  <testcase name="testFlagVideoSearchVideosWithTag" classname="com.google.Part4Test" time="0.003">
    <failure type="org.opentest4j.AssertionFailedError"><![CDATA[org.opentest4j.AssertionFailedError: 
flagVideo needs implementation
searchVideosWithTag needs implementation
 ==> expected: <5> but was: <2>
	at com.google.Part4Test.testFlagVideoSearchVideosWithTag(Part4Test.java:168)
]]></failure>
  </testcase>
  <testcase name="testFlagVideoCanNoLongerPlay" classname="com.google.Part4Test" time="0.004">
    <failure type="java.lang.AssertionError"><![CDATA[java.lang.AssertionError: 

Expected: a string containing "Successfully flagged video: Amazing Cats (reason: Not supplied)"
     but: was "flagVideo needs implementation"
	at com.google.Part4Test.testFlagVideoCanNoLongerPlay(Part4Test.java:53)
]]></failure>
  </testcase>
  <testcase name="testFlagVideoWithoutReason" classname="com.google.Part4Test" time="0.002">
    <failure type="java.lang.AssertionError"><![CDATA[java.lang.AssertionError: 

Expected: a string containing "Successfully flagged video: Another Cat Video (reason: Not supplied)"
     but: was "flagVideo needs implementation
"
	at com.google.Part4Test.testFlagVideoWithoutReason(Part4Test.java:23)
]]></failure>
  </testcase>
  <testcase name="testFlagVideoShowPlaylist" classname="com.google.Part4Test" time="0.003">
    <failure type="org.opentest4j.AssertionFailedError"><![CDATA[org.opentest4j.AssertionFailedError: 
createPlaylist needs implementation
addVideoToPlaylist needs implementation
flagVideo needs implementation
showPlaylist needs implementation
 ==> expected: <5> but was: <4>
	at com.google.Part4Test.testFlagVideoShowPlaylist(Part4Test.java:107)
]]></failure>
  </testcase>
  <testcase name="testFlagVideoWithReason" classname="com.google.Part4Test" time="0.002">
    <failure type="java.lang.AssertionError"><![CDATA[java.lang.AssertionError: 

Expected: a string containing "Successfully flagged video: Amazing Cats (reason: dont_like_cats)"
     but: was "flagVideo needs implementation
"
	at com.google.Part4Test.testFlagVideoWithReason(Part4Test.java:15)
]]></failure>
  </testcase>
  <testcase name="testFlagVideoAlreadyFlagged" classname="com.google.Part4Test" time="0.002">
    <failure type="java.lang.AssertionError"><![CDATA[java.lang.AssertionError: 

Expected: a string containing "Successfully flagged video: Amazing Cats (reason: dont_like_cats)"
     but: was "flagVideo needs implementation"
	at com.google.Part4Test.testFlagVideoAlreadyFlagged(Part4Test.java:34)
]]></failure>
  </testcase>
  <testcase name="testFlagVideoNonexistent" classname="com.google.Part4Test" time="0.004">
    <failure type="java.lang.AssertionError"><![CDATA[java.lang.AssertionError: 

Expected: a string containing "Cannot flag video: Video does not exist"
     but: was "flagVideo needs implementation
"
	at com.google.Part4Test.testFlagVideoNonexistent(Part4Test.java:43)
]]></failure>
  </testcase>
</testsuite>